Unique Key: 26052018161532314266659
Start Date: 05/26/18 16:15:32
     UniqueKey_run_num: 26052018161532314266659_001
default
Configs/default.conf
configAgentFile: Configs/default_AgentValues.aconf
Sat May 26 16:15:32 2018: runSimulation [23] Log(1): Day 0
Sat May 26 16:15:32 2018: runSimulation [23] Log(1): Day 1
Sat May 26 16:15:32 2018: runSimulation [23] Log(1): Day 2
Sat May 26 16:15:32 2018: runSimulation [23] Log(1): Day 3
Sat May 26 16:15:32 2018: runSimulation [23] Log(1): Day 4
Sat May 26 16:15:32 2018: runSimulation [23] Log(1): Day 5
Sat May 26 16:15:32 2018: runSimulation [23] Log(1): Day 6
Sat May 26 16:15:32 2018: runSimulation [23] Log(1): Day 7
Sat May 26 16:15:32 2018: runSimulation [23] Log(1): Day 8
Sat May 26 16:15:32 2018: runSimulation [23] Log(1): Day 9
Sat May 26 16:15:32 2018: runSimulation [23] Log(1): Day 10
Sat May 26 16:15:32 2018: runSimulation [23] Log(1): Day 11
Sat May 26 16:15:32 2018: runSimulation [23] Log(1): Day 12
Sat May 26 16:15:32 2018: runSimulation [23] Log(1): Day 13
Sat May 26 16:15:32 2018: runSimulation [23] Log(1): Day 14
Sat May 26 16:15:32 2018: runSimulation [23] Log(1): Day 15
Sat May 26 16:15:32 2018: runSimulation [23] Log(1): Day 16
Sat May 26 16:15:32 2018: runSimulation [23] Log(1): Day 17
Sat May 26 16:15:32 2018: runSimulation [23] Log(1): Day 18
Sat May 26 16:15:32 2018: runSimulation [23] Log(1): Day 19
Sat May 26 16:15:32 2018: runSimulation [23] Log(1): Day 20
Sat May 26 16:15:32 2018: runSimulation [23] Log(1): Day 21
Sat May 26 16:15:32 2018: runSimulation [23] Log(1): Day 22
Sat May 26 16:15:32 2018: runSimulation [23] Log(1): Day 23
Sat May 26 16:15:32 2018: runSimulation [23] Log(1): Day 24
Sat May 26 16:15:32 2018: runSimulation [23] Log(1): Day 25
Sat May 26 16:15:32 2018: runSimulation [23] Log(1): Day 26
Sat May 26 16:15:32 2018: runSimulation [23] Log(1): Day 27
Sat May 26 16:15:32 2018: runSimulation [23] Log(1): Day 28
Sat May 26 16:15:32 2018: runSimulation [23] Log(1): Day 29
Sat May 26 16:15:32 2018: runSimulation [23] Log(1): Day 30
Sat May 26 16:15:32 2018: runSimulation [23] Log(1): Day 31
Sat May 26 16:15:32 2018: runSimulation [23] Log(1): Day 32
Sat May 26 16:15:32 2018: runSimulation [23] Log(1): Day 33
Sat May 26 16:15:32 2018: runSimulation [23] Log(1): Day 34
Sat May 26 16:15:32 2018: runSimulation [23] Log(1): Day 35
Sat May 26 16:15:32 2018: runSimulation [23] Log(1): Day 36
Sat May 26 16:15:32 2018: runSimulation [23] Log(1): Day 37
Sat May 26 16:15:32 2018: runSimulation [23] Log(1): Day 38
Sat May 26 16:15:32 2018: runSimulation [23] Log(1): Day 39
Sat May 26 16:15:32 2018: runSimulation [23] Log(1): Day 40
Sat May 26 16:15:32 2018: runSimulation [23] Log(1): Day 41
Sat May 26 16:15:32 2018: runSimulation [23] Log(1): Day 42
Sat May 26 16:15:32 2018: runSimulation [23] Log(1): Day 43
Sat May 26 16:15:32 2018: runSimulation [23] Log(1): Day 44
Sat May 26 16:15:32 2018: runSimulation [23] Log(1): Day 45
Sat May 26 16:15:32 2018: runSimulation [23] Log(1): Day 46
Sat May 26 16:15:32 2018: runSimulation [23] Log(1): Day 47
Sat May 26 16:15:32 2018: runSimulation [23] Log(1): Day 48
Sat May 26 16:15:32 2018: runSimulation [23] Log(1): Day 49
Sat May 26 16:15:32 2018: runSimulation [23] Log(1): Day 50
Sat May 26 16:15:32 2018: runSimulation [23] Log(1): Day 51
Sat May 26 16:15:32 2018: runSimulation [23] Log(1): Day 52
Sat May 26 16:15:32 2018: runSimulation [23] Log(1): Day 53
Sat May 26 16:15:32 2018: runSimulation [23] Log(1): Day 54
Sat May 26 16:15:32 2018: runSimulation [23] Log(1): Day 55
Sat May 26 16:15:32 2018: runSimulation [23] Log(1): Day 56
Sat May 26 16:15:32 2018: runSimulation [23] Log(1): Day 57
Sat May 26 16:15:33 2018: runSimulation [23] Log(1): Day 58
Sat May 26 16:15:33 2018: runSimulation [23] Log(1): Day 59
Sat May 26 16:15:33 2018: runSimulation [23] Log(1): Day 60
Sat May 26 16:15:33 2018: runSimulation [23] Log(1): Day 61
Sat May 26 16:15:33 2018: runSimulation [23] Log(1): Day 62
Sat May 26 16:15:33 2018: runSimulation [23] Log(1): Day 63
Sat May 26 16:15:33 2018: runSimulation [23] Log(1): Day 64
Sat May 26 16:15:33 2018: runSimulation [23] Log(1): Day 65
Sat May 26 16:15:33 2018: runSimulation [23] Log(1): Day 66
Sat May 26 16:15:33 2018: runSimulation [23] Log(1): Day 67
Sat May 26 16:15:33 2018: runSimulation [23] Log(1): Day 68
Sat May 26 16:15:33 2018: runSimulation [23] Log(1): Day 69
Sat May 26 16:15:33 2018: runSimulation [23] Log(1): Day 70
Sat May 26 16:15:33 2018: runSimulation [23] Log(1): Day 71
Sat May 26 16:15:33 2018: runSimulation [23] Log(1): Day 72
Sat May 26 16:15:33 2018: runSimulation [23] Log(1): Day 73
Sat May 26 16:15:33 2018: runSimulation [23] Log(1): Day 74
Sat May 26 16:15:33 2018: runSimulation [23] Log(1): Day 75
Sat May 26 16:15:34 2018: runSimulation [23] Log(1): Day 76
Sat May 26 16:15:34 2018: runSimulation [23] Log(1): Day 77
Sat May 26 16:15:34 2018: runSimulation [23] Log(1): Day 78
Sat May 26 16:15:34 2018: runSimulation [23] Log(1): Day 79
Sat May 26 16:15:34 2018: runSimulation [23] Log(1): Day 80
Sat May 26 16:15:34 2018: runSimulation [23] Log(1): Day 81
Sat May 26 16:15:34 2018: runSimulation [23] Log(1): Day 82
Sat May 26 16:15:34 2018: runSimulation [23] Log(1): Day 83
Sat May 26 16:15:34 2018: runSimulation [23] Log(1): Day 84
Sat May 26 16:15:34 2018: runSimulation [23] Log(1): Day 85
Sat May 26 16:15:34 2018: runSimulation [23] Log(1): Day 86
Sat May 26 16:15:34 2018: runSimulation [23] Log(1): Day 87
Sat May 26 16:15:34 2018: runSimulation [23] Log(1): Day 88
Sat May 26 16:15:34 2018: runSimulation [23] Log(1): Day 89
Sat May 26 16:15:34 2018: runSimulation [23] Log(1): Day 90
Sat May 26 16:15:34 2018: runSimulation [23] Log(1): Day 91
Sat May 26 16:15:34 2018: runSimulation [23] Log(1): Day 92
Sat May 26 16:15:34 2018: runSimulation [23] Log(1): Day 93
Sat May 26 16:15:34 2018: runSimulation [23] Log(1): Day 94
Sat May 26 16:15:34 2018: runSimulation [23] Log(1): Day 95
Sat May 26 16:15:34 2018: runSimulation [23] Log(1): Day 96
Sat May 26 16:15:35 2018: runSimulation [23] Log(1): Day 97
Sat May 26 16:15:35 2018: runSimulation [23] Log(1): Day 98
Sat May 26 16:15:35 2018: runSimulation [23] Log(1): Day 99
Sat May 26 16:15:35 2018: runSimulation [39] Log(1): Ending simulation
Number of days: 100
Number of agents: 4
Number of resources: 4
SumUtil:449462
SumRes:265259
Your results have been saved in _Results/default
The UniqueKey for this batch of runs is:B26052018161532314266659
This run number is: 001
The total number of seconds is 3
     UniqueKey_run_num: 26052018161532314266659_002
default
Configs/default.conf
configAgentFile: Configs/default_AgentValues.aconf
Sat May 26 16:15:35 2018: runSimulation [23] Log(1): Day 0
Sat May 26 16:15:35 2018: runSimulation [23] Log(1): Day 1
Sat May 26 16:15:35 2018: runSimulation [23] Log(1): Day 2
Sat May 26 16:15:35 2018: runSimulation [23] Log(1): Day 3
Sat May 26 16:15:35 2018: runSimulation [23] Log(1): Day 4
Sat May 26 16:15:35 2018: runSimulation [23] Log(1): Day 5
Sat May 26 16:15:35 2018: runSimulation [23] Log(1): Day 6
Sat May 26 16:15:35 2018: runSimulation [23] Log(1): Day 7
Sat May 26 16:15:35 2018: runSimulation [23] Log(1): Day 8
Sat May 26 16:15:35 2018: runSimulation [23] Log(1): Day 9
Sat May 26 16:15:35 2018: runSimulation [23] Log(1): Day 10
Sat May 26 16:15:35 2018: runSimulation [23] Log(1): Day 11
Sat May 26 16:15:35 2018: runSimulation [23] Log(1): Day 12
Sat May 26 16:15:35 2018: runSimulation [23] Log(1): Day 13
Sat May 26 16:15:35 2018: runSimulation [23] Log(1): Day 14
Sat May 26 16:15:35 2018: runSimulation [23] Log(1): Day 15
Sat May 26 16:15:35 2018: runSimulation [23] Log(1): Day 16
Sat May 26 16:15:35 2018: runSimulation [23] Log(1): Day 17
Sat May 26 16:15:35 2018: runSimulation [23] Log(1): Day 18
Sat May 26 16:15:35 2018: runSimulation [23] Log(1): Day 19
Sat May 26 16:15:35 2018: runSimulation [23] Log(1): Day 20
Sat May 26 16:15:35 2018: runSimulation [23] Log(1): Day 21
Sat May 26 16:15:35 2018: runSimulation [23] Log(1): Day 22
Sat May 26 16:15:35 2018: runSimulation [23] Log(1): Day 23
Sat May 26 16:15:35 2018: runSimulation [23] Log(1): Day 24
Sat May 26 16:15:35 2018: runSimulation [23] Log(1): Day 25
Sat May 26 16:15:35 2018: runSimulation [23] Log(1): Day 26
Sat May 26 16:15:35 2018: runSimulation [23] Log(1): Day 27
Sat May 26 16:15:35 2018: runSimulation [23] Log(1): Day 28
Sat May 26 16:15:35 2018: runSimulation [23] Log(1): Day 29
Sat May 26 16:15:35 2018: runSimulation [23] Log(1): Day 30
Sat May 26 16:15:35 2018: runSimulation [23] Log(1): Day 31
Sat May 26 16:15:35 2018: runSimulation [23] Log(1): Day 32
Sat May 26 16:15:35 2018: runSimulation [23] Log(1): Day 33
Sat May 26 16:15:35 2018: runSimulation [23] Log(1): Day 34
Sat May 26 16:15:35 2018: runSimulation [23] Log(1): Day 35
Sat May 26 16:15:35 2018: runSimulation [23] Log(1): Day 36
Sat May 26 16:15:35 2018: runSimulation [23] Log(1): Day 37
Sat May 26 16:15:35 2018: runSimulation [23] Log(1): Day 38
Sat May 26 16:15:35 2018: runSimulation [23] Log(1): Day 39
Sat May 26 16:15:35 2018: runSimulation [23] Log(1): Day 40
Sat May 26 16:15:35 2018: runSimulation [23] Log(1): Day 41
Sat May 26 16:15:35 2018: runSimulation [23] Log(1): Day 42
Sat May 26 16:15:35 2018: runSimulation [23] Log(1): Day 43
Sat May 26 16:15:35 2018: runSimulation [23] Log(1): Day 44
Sat May 26 16:15:35 2018: runSimulation [23] Log(1): Day 45
Sat May 26 16:15:35 2018: runSimulation [23] Log(1): Day 46
Sat May 26 16:15:35 2018: runSimulation [23] Log(1): Day 47
Sat May 26 16:15:35 2018: runSimulation [23] Log(1): Day 48
Sat May 26 16:15:35 2018: runSimulation [23] Log(1): Day 49
Sat May 26 16:15:35 2018: runSimulation [23] Log(1): Day 50
Sat May 26 16:15:35 2018: runSimulation [23] Log(1): Day 51
Sat May 26 16:15:35 2018: runSimulation [23] Log(1): Day 52
Sat May 26 16:15:35 2018: runSimulation [23] Log(1): Day 53
Sat May 26 16:15:35 2018: runSimulation [23] Log(1): Day 54
Sat May 26 16:15:35 2018: runSimulation [23] Log(1): Day 55
Sat May 26 16:15:35 2018: runSimulation [23] Log(1): Day 56
Sat May 26 16:15:35 2018: runSimulation [23] Log(1): Day 57
Sat May 26 16:15:35 2018: runSimulation [23] Log(1): Day 58
Sat May 26 16:15:35 2018: runSimulation [23] Log(1): Day 59
Sat May 26 16:15:35 2018: runSimulation [23] Log(1): Day 60
Sat May 26 16:15:35 2018: runSimulation [23] Log(1): Day 61
Sat May 26 16:15:35 2018: runSimulation [23] Log(1): Day 62
Sat May 26 16:15:35 2018: runSimulation [23] Log(1): Day 63
Sat May 26 16:15:35 2018: runSimulation [23] Log(1): Day 64
Sat May 26 16:15:35 2018: runSimulation [23] Log(1): Day 65
Sat May 26 16:15:35 2018: runSimulation [23] Log(1): Day 66
Sat May 26 16:15:35 2018: runSimulation [23] Log(1): Day 67
Sat May 26 16:15:35 2018: runSimulation [23] Log(1): Day 68
Sat May 26 16:15:35 2018: runSimulation [23] Log(1): Day 69
Sat May 26 16:15:35 2018: runSimulation [23] Log(1): Day 70
Sat May 26 16:15:35 2018: runSimulation [23] Log(1): Day 71
Sat May 26 16:15:35 2018: runSimulation [23] Log(1): Day 72
Sat May 26 16:15:35 2018: runSimulation [23] Log(1): Day 73
Sat May 26 16:15:35 2018: runSimulation [23] Log(1): Day 74
Sat May 26 16:15:35 2018: runSimulation [23] Log(1): Day 75
Sat May 26 16:15:35 2018: runSimulation [23] Log(1): Day 76
Sat May 26 16:15:35 2018: runSimulation [23] Log(1): Day 77
Sat May 26 16:15:35 2018: runSimulation [23] Log(1): Day 78
Sat May 26 16:15:35 2018: runSimulation [23] Log(1): Day 79
Sat May 26 16:15:35 2018: runSimulation [23] Log(1): Day 80
Sat May 26 16:15:35 2018: runSimulation [23] Log(1): Day 81
Sat May 26 16:15:35 2018: runSimulation [23] Log(1): Day 82
Sat May 26 16:15:35 2018: runSimulation [23] Log(1): Day 83
Sat May 26 16:15:35 2018: runSimulation [23] Log(1): Day 84
Sat May 26 16:15:35 2018: runSimulation [23] Log(1): Day 85
Sat May 26 16:15:35 2018: runSimulation [23] Log(1): Day 86
Sat May 26 16:15:35 2018: runSimulation [23] Log(1): Day 87
Sat May 26 16:15:35 2018: runSimulation [23] Log(1): Day 88
Sat May 26 16:15:35 2018: runSimulation [23] Log(1): Day 89
Sat May 26 16:15:35 2018: runSimulation [23] Log(1): Day 90
Sat May 26 16:15:35 2018: runSimulation [23] Log(1): Day 91
Sat May 26 16:15:35 2018: runSimulation [23] Log(1): Day 92
Sat May 26 16:15:35 2018: runSimulation [23] Log(1): Day 93
Sat May 26 16:15:35 2018: runSimulation [23] Log(1): Day 94
Sat May 26 16:15:35 2018: runSimulation [23] Log(1): Day 95
Sat May 26 16:15:35 2018: runSimulation [23] Log(1): Day 96
Sat May 26 16:15:35 2018: runSimulation [23] Log(1): Day 97
Sat May 26 16:15:35 2018: runSimulation [23] Log(1): Day 98
Sat May 26 16:15:35 2018: runSimulation [23] Log(1): Day 99
Sat May 26 16:15:35 2018: runSimulation [39] Log(1): Ending simulation
Number of days: 100
Number of agents: 4
Number of resources: 4
SumUtil:121556
SumRes:10210
Your results have been saved in _Results/default
The UniqueKey for this batch of runs is:B26052018161532314266659
This run number is: 002
The total number of seconds is 0
